
**** Build of configuration Nios II for project simple_socket ****

make all 
      2 [main] sh 4240 find_fast_cwd: WARNING: Couldn't compute FAST_CWD pointer.  Please report this problem to
the public mailing list cygwin@cygwin.com
      1 [main] sh 7892 find_fast_cwd: WARNING: Couldn't compute FAST_CWD pointer.  Please report this problem to
the public mailing list cygwin@cygwin.com
      1 [main] echo 1204 find_fast_cwd: WARNING: Couldn't compute FAST_CWD pointer.  Please report this problem to
Info: Building ../simple_socket_bsp/
the public mailing list cygwin@cygwin.com
make --no-print-directory -C ../simple_socket_bsp/
      1 [main] pwd 6480 find_fast_cwd: WARNING: Couldn't compute FAST_CWD pointer.  Please report this problem to
the public mailing list cygwin@cygwin.com
      1 [main] sh 7024 find_fast_cwd: WARNING: Couldn't compute FAST_CWD pointer.  Please report this problem to
the public mailing list cygwin@cygwin.com
      1 [main] sh 744 find_fast_cwd: WARNING: Couldn't compute FAST_CWD pointer.  Please report this problem to
[BSP build complete]
the public mailing list cygwin@cygwin.com
      1 [main] true 6128 find_fast_cwd: WARNING: Couldn't compute FAST_CWD pointer.  Please report this problem to
the public mailing list cygwin@cygwin.com
      1 [main] sh 6792 find_fast_cwd: WARNING: Couldn't compute FAST_CWD pointer.  Please report this problem to
the public mailing list cygwin@cygwin.com
[simple_socket build complete]

**** Build Finished ****
